0 info it worked if it ends with ok
1 verbose cli [ 'C:\\Program Files\\nodejs\\node.exe',
1 verbose cli   'C:\\Program Files\\nodejs\\node_modules\\npm\\bin\\npm-cli.js',
1 verbose cli   'run',
1 verbose cli   'dev' ]
2 info using npm@3.10.3
3 info using node@v6.6.0
4 verbose run-script [ 'predev', 'dev', 'postdev' ]
5 info lifecycle particle-inclass@1.0.0~predev: particle-inclass@1.0.0
6 silly lifecycle particle-inclass@1.0.0~predev: no script for predev, continuing
7 info lifecycle particle-inclass@1.0.0~dev: particle-inclass@1.0.0
8 verbose lifecycle particle-inclass@1.0.0~dev: unsafe-perm in lifecycle true
9 verbose lifecycle particle-inclass@1.0.0~dev: PATH: C:\Program Files\nodejs\node_modules\npm\bin\node-gyp-bin;C:\Users\Simi_\Desktop\COMP 431\inclass-9\inclass-9\node_modules\.bin;C:\Program Files\nodejs;C:\Users\Simi_\AppData\Local\GitHub\PortableGit_d7effa1a4a322478cd29c826b52a0c118ad3db11\cmd;C:\Users\Simi_\AppData\Local\GitHub\PortableGit_d7effa1a4a322478cd29c826b52a0c118ad3db11\usr\bin;C:\Users\Simi_\AppData\Local\GitHub\PortableGit_d7effa1a4a322478cd29c826b52a0c118ad3db11\usr\share\git-tfs;C:\Users\Simi_\AppData\Local\Apps\2.0\AHP008HG.NTR\ZDX7M51N.BXE\gith..tion_317444273a93ac29_0003.0003_665ccbdbd3c2d8d4;C:\Users\Simi_\AppData\Local\GitHub\lfs-amd64_1.3.1;C:\ProgramData\Oracle\Java\javapath;C:\Program Files (x86)\Lenovo\FusionEngine;C:\WINDOWS\system32;C:\WINDOWS;C:\WINDOWS\System32\Wbem;C:\WINDOWS\System32\WindowsPowerShell\v1.0\;C:\Program Files (x86)\ATI Technologies\ATI.ACE\Core-Static;C:\Program Files (x86)\Common Files\lenovo\easyplussdk\bin;C:\Program Files (x86)\Skype\Phone\;C:\Program Files\Microsoft SQL Server\Client SDK\ODBC\110\Tools\Binn\;C:\Program Files (x86)\Microsoft SQL Server\120\Tools\Binn\;C:\Program Files\Microsoft SQL Server\120\Tools\Binn\;C:\Program Files\Microsoft SQL Server\120\DTS\Binn\;C:\Program Files\nodejs\;C:\Program Files (x86)\Heroku\bin;C:\Program Files (x86)\git\cmd;C:\Program Files (x86)\Git\cmd;C:\Program Files\Microsoft SQL Server\130\Tools\Binn\;C:\Program Files\Microsoft\Web Platform Installer\;C:\Program Files\dotnet\;C:\Users\Simi_\Anaconda2;C:\Users\Simi_\Anaconda2\Scripts;C:\Users\Simi_\Anaconda2\Library\bin;C:\Program Files (x86)\Jar2Exe Wizard\;C:\Program Files (x86)\SSH Communications Security\SSH Secure Shell;C:\Users\Simi_\AppData\Local\Microsoft\WindowsApps;C:\Users\Simi_\AppData\Roaming\npm;C:\Program Files (x86)\MSBuild\14.0\bin\;C:\Program Files (x86)\Microsoft SDKs\Windows\v8.1A\bin\NETFX 4.5.1 Tools\x64
10 verbose lifecycle particle-inclass@1.0.0~dev: CWD: C:\Users\Simi_\Desktop\COMP 431\inclass-9\inclass-9
11 silly lifecycle particle-inclass@1.0.0~dev: Args: [ '/d /s /c',
11 silly lifecycle   'webpack-dev-server --content-base dist --inline -d' ]
12 silly lifecycle particle-inclass@1.0.0~dev: Returned: code: 1  signal: null
13 info lifecycle particle-inclass@1.0.0~dev: Failed to exec dev script
14 verbose stack Error: particle-inclass@1.0.0 dev: `webpack-dev-server --content-base dist --inline -d`
14 verbose stack Exit status 1
14 verbose stack     at EventEmitter.<anonymous> (C:\Program Files\nodejs\node_modules\npm\lib\utils\lifecycle.js:242:16)
14 verbose stack     at emitTwo (events.js:106:13)
14 verbose stack     at EventEmitter.emit (events.js:191:7)
14 verbose stack     at ChildProcess.<anonymous> (C:\Program Files\nodejs\node_modules\npm\lib\utils\spawn.js:40:14)
14 verbose stack     at emitTwo (events.js:106:13)
14 verbose stack     at ChildProcess.emit (events.js:191:7)
14 verbose stack     at maybeClose (internal/child_process.js:877:16)
14 verbose stack     at Process.ChildProcess._handle.onexit (internal/child_process.js:226:5)
15 verbose pkgid particle-inclass@1.0.0
16 verbose cwd C:\Users\Simi_\Desktop\COMP 431\inclass-9\inclass-9
17 error Windows_NT 10.0.14393
18 error argv "C:\\Program Files\\nodejs\\node.exe" "C:\\Program Files\\nodejs\\node_modules\\npm\\bin\\npm-cli.js" "run" "dev"
19 error node v6.6.0
20 error npm  v3.10.3
21 error code ELIFECYCLE
22 error particle-inclass@1.0.0 dev: `webpack-dev-server --content-base dist --inline -d`
22 error Exit status 1
23 error Failed at the particle-inclass@1.0.0 dev script 'webpack-dev-server --content-base dist --inline -d'.
23 error Make sure you have the latest version of node.js and npm installed.
23 error If you do, this is most likely a problem with the particle-inclass package,
23 error not with npm itself.
23 error Tell the author that this fails on your system:
23 error     webpack-dev-server --content-base dist --inline -d
23 error You can get information on how to open an issue for this project with:
23 error     npm bugs particle-inclass
23 error Or if that isn't available, you can get their info via:
23 error     npm owner ls particle-inclass
23 error There is likely additional logging output above.
24 verbose exit [ 1, true ]
